<?xml version="1.0" encoding="UTF-8"?>
<!-- Generated by org.testng.reporters.JUnitReportReporter -->
<testsuite hostname="L5Q15WJWVC" failures="0" tests="3" name="tests.AddExpenseAndIncomeEntryTest" time="34.659" errors="0" timestamp="2025-04-08T13:00:07 CEST" skipped="0">
  <testcase classname="tests.AddExpenseAndIncomeEntryTest" name="verifyWelcomePageTour" time="7.093"/>
  <system-out/>
  <testcase classname="tests.AddExpenseAndIncomeEntryTest" name="ableToAddExpenseEntry" time="14.321"/>
  <system-out/>
  <testcase classname="tests.AddExpenseAndIncomeEntryTest" name="ableToAddIncomeEntry" time="13.245"/>
  <system-out/>
</testsuite> <!-- tests.AddExpenseAndIncomeEntryTest -->
