<?xml version="1.0" encoding="UTF-8"?>
<testsuite xmlns:xsi="http://www.w3.org/2001/XMLSchema-instance" xsi:noNamespaceSchemaLocation="https://maven.apache.org/surefire/maven-surefire-plugin/xsd/surefire-test-report-3.0.xsd" version="3.0" name="TestSuite" time="0.984" tests="5" errors="0" skipped="0" failures="1">
  <properties>
    <property name="java.specification.version" value="23"/>
    <property name="sun.jnu.encoding" value="UTF-8"/>
    <property name="java.class.path" value="/Users/j.dandona/HomeChallenge/api-automation/target/test-classes:/Users/j.dandona/HomeChallenge/api-automation/target/classes:/Users/j.dandona/.m2/repository/org/testng/testng/7.5/testng-7.5.jar:/Users/j.dandona/.m2/repository/com/google/code/findbugs/jsr305/3.0.1/jsr305-3.0.1.jar:/Users/j.dandona/.m2/repository/org/slf4j/slf4j-api/1.7.32/slf4j-api-1.7.32.jar:/Users/j.dandona/.m2/repository/com/beust/jcommander/1.78/jcommander-1.78.jar:/Users/j.dandona/.m2/repository/org/webjars/jquery/3.5.1/jquery-3.5.1.jar:/Users/j.dandona/.m2/repository/com/aventstack/extentreports/5.0.8/extentreports-5.0.8.jar:/Users/j.dandona/.m2/repository/io/reactivex/rxjava3/rxjava/3.0.4/rxjava-3.0.4.jar:/Users/j.dandona/.m2/repository/org/reactivestreams/reactive-streams/1.0.3/reactive-streams-1.0.3.jar:/Users/j.dandona/.m2/repository/org/freemarker/freemarker/2.3.30/freemarker-2.3.30.jar:/Users/j.dandona/.m2/repository/org/projectlombok/lombok/1.18.12/lombok-1.18.12.jar:/Users/j.dandona/.m2/repository/com/google/code/gson/gson/2.8.6/gson-2.8.6.jar:/Users/j.dandona/.m2/repository/io/rest-assured/rest-assured/5.5.1/rest-assured-5.5.1.jar:/Users/j.dandona/.m2/repository/org/apache/groovy/groovy/4.0.22/groovy-4.0.22.jar:/Users/j.dandona/.m2/repository/org/apache/groovy/groovy-xml/4.0.22/groovy-xml-4.0.22.jar:/Users/j.dandona/.m2/repository/org/apache/httpcomponents/httpclient/4.5.13/httpclient-4.5.13.jar:/Users/j.dandona/.m2/repository/org/apache/httpcomponents/httpcore/4.4.13/httpcore-4.4.13.jar:/Users/j.dandona/.m2/repository/commons-logging/commons-logging/1.2/commons-logging-1.2.jar:/Users/j.dandona/.m2/repository/commons-codec/commons-codec/1.11/commons-codec-1.11.jar:/Users/j.dandona/.m2/repository/org/apache/httpcomponents/httpmime/4.5.13/httpmime-4.5.13.jar:/Users/j.dandona/.m2/repository/org/hamcrest/hamcrest/2.2/hamcrest-2.2.jar:/Users/j.dandona/.m2/repository/org/ccil/cowan/tagsoup/tagsoup/1.2.1/tagsoup-1.2.1.jar:/Users/j.dandona/.m2/repository/io/rest-assured/json-path/5.5.1/json-path-5.5.1.jar:/Users/j.dandona/.m2/repository/org/apache/groovy/groovy-json/4.0.22/groovy-json-4.0.22.jar:/Users/j.dandona/.m2/repository/io/rest-assured/rest-assured-common/5.5.1/rest-assured-common-5.5.1.jar:/Users/j.dandona/.m2/repository/io/rest-assured/xml-path/5.5.1/xml-path-5.5.1.jar:/Users/j.dandona/.m2/repository/com/fasterxml/jackson/core/jackson-databind/2.13.1/jackson-databind-2.13.1.jar:/Users/j.dandona/.m2/repository/com/fasterxml/jackson/core/jackson-annotations/2.13.1/jackson-annotations-2.13.1.jar:/Users/j.dandona/.m2/repository/com/fasterxml/jackson/core/jackson-core/2.13.1/jackson-core-2.13.1.jar:/Users/j.dandona/.m2/repository/com/github/javafaker/javafaker/1.0.2/javafaker-1.0.2.jar:/Users/j.dandona/.m2/repository/org/apache/commons/commons-lang3/3.16.0/commons-lang3-3.16.0.jar:/Users/j.dandona/.m2/repository/org/yaml/snakeyaml/1.23/snakeyaml-1.23-android.jar:/Users/j.dandona/.m2/repository/com/github/mifmif/generex/1.0.2/generex-1.0.2.jar:/Users/j.dandona/.m2/repository/dk/brics/automaton/automaton/1.11-8/automaton-1.11-8.jar:/Users/j.dandona/.m2/repository/commons-io/commons-io/2.11.0/commons-io-2.11.0.jar:"/>
    <property name="java.vm.vendor" value="Homebrew"/>
    <property name="sun.arch.data.model" value="64"/>
    <property name="java.vendor.url" value="https://github.com/Homebrew/homebrew-core/issues"/>
    <property name="user.timezone" value="Europe/Berlin"/>
    <property name="suiteXmlFile" value="src/test/resources/testng.xml"/>
    <property name="os.name" value="Mac OS X"/>
    <property name="java.vm.specification.version" value="23"/>
    <property name="sun.java.launcher" value="SUN_STANDARD"/>
    <property name="user.country" value="DE"/>
    <property name="sun.boot.library.path" value="/opt/homebrew/Cellar/openjdk/23.0.2/libexec/openjdk.jdk/Contents/Home/lib"/>
    <property name="sun.java.command" value="/Users/j.dandona/HomeChallenge/api-automation/target/surefire/surefirebooter-20250408012704516_3.jar /Users/j.dandona/HomeChallenge/api-automation/target/surefire 2025-04-08T01-27-04_478-jvmRun1 surefire-20250408012704516_1tmp surefire_0-20250408012704516_2tmp"/>
    <property name="jdk.debug" value="release"/>
    <property name="surefire.test.class.path" value="/Users/j.dandona/HomeChallenge/api-automation/target/test-classes:/Users/j.dandona/HomeChallenge/api-automation/target/classes:/Users/j.dandona/.m2/repository/org/testng/testng/7.5/testng-7.5.jar:/Users/j.dandona/.m2/repository/com/google/code/findbugs/jsr305/3.0.1/jsr305-3.0.1.jar:/Users/j.dandona/.m2/repository/org/slf4j/slf4j-api/1.7.32/slf4j-api-1.7.32.jar:/Users/j.dandona/.m2/repository/com/beust/jcommander/1.78/jcommander-1.78.jar:/Users/j.dandona/.m2/repository/org/webjars/jquery/3.5.1/jquery-3.5.1.jar:/Users/j.dandona/.m2/repository/com/aventstack/extentreports/5.0.8/extentreports-5.0.8.jar:/Users/j.dandona/.m2/repository/io/reactivex/rxjava3/rxjava/3.0.4/rxjava-3.0.4.jar:/Users/j.dandona/.m2/repository/org/reactivestreams/reactive-streams/1.0.3/reactive-streams-1.0.3.jar:/Users/j.dandona/.m2/repository/org/freemarker/freemarker/2.3.30/freemarker-2.3.30.jar:/Users/j.dandona/.m2/repository/org/projectlombok/lombok/1.18.12/lombok-1.18.12.jar:/Users/j.dandona/.m2/repository/com/google/code/gson/gson/2.8.6/gson-2.8.6.jar:/Users/j.dandona/.m2/repository/io/rest-assured/rest-assured/5.5.1/rest-assured-5.5.1.jar:/Users/j.dandona/.m2/repository/org/apache/groovy/groovy/4.0.22/groovy-4.0.22.jar:/Users/j.dandona/.m2/repository/org/apache/groovy/groovy-xml/4.0.22/groovy-xml-4.0.22.jar:/Users/j.dandona/.m2/repository/org/apache/httpcomponents/httpclient/4.5.13/httpclient-4.5.13.jar:/Users/j.dandona/.m2/repository/org/apache/httpcomponents/httpcore/4.4.13/httpcore-4.4.13.jar:/Users/j.dandona/.m2/repository/commons-logging/commons-logging/1.2/commons-logging-1.2.jar:/Users/j.dandona/.m2/repository/commons-codec/commons-codec/1.11/commons-codec-1.11.jar:/Users/j.dandona/.m2/repository/org/apache/httpcomponents/httpmime/4.5.13/httpmime-4.5.13.jar:/Users/j.dandona/.m2/repository/org/hamcrest/hamcrest/2.2/hamcrest-2.2.jar:/Users/j.dandona/.m2/repository/org/ccil/cowan/tagsoup/tagsoup/1.2.1/tagsoup-1.2.1.jar:/Users/j.dandona/.m2/repository/io/rest-assured/json-path/5.5.1/json-path-5.5.1.jar:/Users/j.dandona/.m2/repository/org/apache/groovy/groovy-json/4.0.22/groovy-json-4.0.22.jar:/Users/j.dandona/.m2/repository/io/rest-assured/rest-assured-common/5.5.1/rest-assured-common-5.5.1.jar:/Users/j.dandona/.m2/repository/io/rest-assured/xml-path/5.5.1/xml-path-5.5.1.jar:/Users/j.dandona/.m2/repository/com/fasterxml/jackson/core/jackson-databind/2.13.1/jackson-databind-2.13.1.jar:/Users/j.dandona/.m2/repository/com/fasterxml/jackson/core/jackson-annotations/2.13.1/jackson-annotations-2.13.1.jar:/Users/j.dandona/.m2/repository/com/fasterxml/jackson/core/jackson-core/2.13.1/jackson-core-2.13.1.jar:/Users/j.dandona/.m2/repository/com/github/javafaker/javafaker/1.0.2/javafaker-1.0.2.jar:/Users/j.dandona/.m2/repository/org/apache/commons/commons-lang3/3.16.0/commons-lang3-3.16.0.jar:/Users/j.dandona/.m2/repository/org/yaml/snakeyaml/1.23/snakeyaml-1.23-android.jar:/Users/j.dandona/.m2/repository/com/github/mifmif/generex/1.0.2/generex-1.0.2.jar:/Users/j.dandona/.m2/repository/dk/brics/automaton/automaton/1.11-8/automaton-1.11-8.jar:/Users/j.dandona/.m2/repository/commons-io/commons-io/2.11.0/commons-io-2.11.0.jar:"/>
    <property name="sun.cpu.endian" value="little"/>
    <property name="user.home" value="/Users/j.dandona"/>
    <property name="user.language" value="en"/>
    <property name="java.specification.vendor" value="Oracle Corporation"/>
    <property name="java.version.date" value="2025-01-21"/>
    <property name="java.home" value="/opt/homebrew/Cellar/openjdk/23.0.2/libexec/openjdk.jdk/Contents/Home"/>
    <property name="file.separator" value="/"/>
    <property name="basedir" value="/Users/j.dandona/HomeChallenge/api-automation"/>
    <property name="java.vm.compressedOopsMode" value="Zero based"/>
    <property name="line.separator" value="&#10;"/>
    <property name="java.vm.specification.vendor" value="Oracle Corporation"/>
    <property name="java.specification.name" value="Java Platform API Specification"/>
    <property name="apple.awt.application.name" value="ForkedBooter"/>
    <property name="surefire.real.class.path" value="/Users/j.dandona/HomeChallenge/api-automation/target/surefire/surefirebooter-20250408012704516_3.jar"/>
    <property name="sun.management.compiler" value="HotSpot 64-Bit Tiered Compilers"/>
    <property name="java.runtime.version" value="23.0.2"/>
    <property name="user.name" value="j.dandona"/>
    <property name="stdout.encoding" value="UTF-8"/>
    <property name="path.separator" value=":"/>
    <property name="os.version" value="14.7.4"/>
    <property name="java.runtime.name" value="OpenJDK Runtime Environment"/>
    <property name="file.encoding" value="UTF-8"/>
    <property name="java.vm.name" value="OpenJDK 64-Bit Server VM"/>
    <property name="java.vendor.version" value="Homebrew"/>
    <property name="localRepository" value="/Users/j.dandona/.m2/repository"/>
    <property name="java.vendor.url.bug" value="https://github.com/Homebrew/homebrew-core/issues"/>
    <property name="java.io.tmpdir" value="/var/folders/g9/m5sg9s7931q14c8qy72tj455x6hq5x/T/"/>
    <property name="java.version" value="23.0.2"/>
    <property name="user.dir" value="/Users/j.dandona/HomeChallenge/api-automation"/>
    <property name="os.arch" value="aarch64"/>
    <property name="java.vm.specification.name" value="Java Virtual Machine Specification"/>
    <property name="native.encoding" value="UTF-8"/>
    <property name="java.library.path" value="/Users/j.dandona/Library/Java/Extensions:/Library/Java/Extensions:/Network/Library/Java/Extensions:/System/Library/Java/Extensions:/usr/lib/java:."/>
    <property name="java.vm.info" value="mixed mode, sharing"/>
    <property name="stderr.encoding" value="UTF-8"/>
    <property name="java.vendor" value="Homebrew"/>
    <property name="java.vm.version" value="23.0.2"/>
    <property name="sun.io.unicode.encoding" value="UnicodeBig"/>
    <property name="java.class.version" value="67.0"/>
  </properties>
  <testcase name="createUser_withValidData_shouldCreatedSuccessfully" classname="com.n26.UserTests" time="0.533">
    <system-out><![CDATA[Request method:	POST
Request URI:	http://localhost:8080/api/v3/user
Proxy:			<none>
Request params:	<none>
Query params:	<none>
Form params:	<none>
Path params:	<none>
Headers:		Accept=*/*
				Content-Type=application/json
Cookies:		<none>
Multiparts:		<none>
Body:
{
    "id": 10,
    "username": "AutomationUser",
    "firstName": "John",
    "lastName": "James",
    "email": "john@email.com",
    "password": "12345",
    "phone": "12345",
    "userStatus": 1
}
HTTP/1.1 200 OK
Date: Mon, 07 Apr 2025 23:27:05 GMT
Access-Control-Allow-Origin: *
Access-Control-Allow-Methods: GET, POST, DELETE, PUT
Access-Control-Allow-Headers: Content-Type, api_key, Authorization
Access-Control-Expose-Headers: Content-Disposition
Content-Type: application/json
Content-Length: 150
Server: Jetty(9.4.53.v20231009)

{
    "id": 10,
    "username": "AutomationUser",
    "firstName": "John",
    "lastName": "James",
    "email": "john@email.com",
    "password": "12345",
    "phone": "12345",
    "userStatus": 1
}
]]></system-out>
    <system-err><![CDATA[SLF4J: Failed to load class "org.slf4j.impl.StaticLoggerBinder".
SLF4J: Defaulting to no-operation (NOP) logger implementation
SLF4J: See http://www.slf4j.org/codes.html#StaticLoggerBinder for further details.
]]></system-err>
  </testcase>
  <testcase name="getUserDetail_ByValidUsername" classname="com.n26.UserTests" time="0.029">
    <system-out><![CDATA[flushing report
Request method:	GET
Request URI:	http://localhost:8080/api/v3/user/AutomationUser
Proxy:			<none>
Request params:	<none>
Query params:	<none>
Form params:	<none>
Path params:	<none>
Headers:		Accept=*/*
				Content-Type=application/json
Cookies:		<none>
Multiparts:		<none>
Body:			<none>
HTTP/1.1 200 OK
Date: Mon, 07 Apr 2025 23:27:05 GMT
Access-Control-Allow-Origin: *
Access-Control-Allow-Methods: GET, POST, DELETE, PUT
Access-Control-Allow-Headers: Content-Type, api_key, Authorization
Access-Control-Expose-Headers: Content-Disposition
Content-Type: application/json
Content-Length: 150
Server: Jetty(9.4.53.v20231009)

{
    "id": 10,
    "username": "AutomationUser",
    "firstName": "John",
    "lastName": "James",
    "email": "john@email.com",
    "password": "12345",
    "phone": "12345",
    "userStatus": 1
}
]]></system-out>
  </testcase>
  <testcase name="updateUserDetail_withValidData_shouldBeUpdatedSuccessfully" classname="com.n26.UserTests" time="0.014">
    <system-out><![CDATA[flushing report
Request method:	PUT
Request URI:	http://localhost:8080/api/v3/user/AutomationUser
Proxy:			<none>
Request params:	<none>
Query params:	<none>
Form params:	<none>
Path params:	<none>
Headers:		Accept=*/*
				Content-Type=application/json
Cookies:		<none>
Multiparts:		<none>
Body:
{
    "id": 10,
    "username": "John wick",
    "firstName": "John",
    "lastName": "James",
    "email": "john@email.com",
    "password": "12345",
    "phone": "12345",
    "userStatus": 1
}
HTTP/1.1 200 OK
Date: Mon, 07 Apr 2025 23:27:05 GMT
Access-Control-Allow-Origin: *
Access-Control-Allow-Methods: GET, POST, DELETE, PUT
Access-Control-Allow-Headers: Content-Type, api_key, Authorization
Access-Control-Expose-Headers: Content-Disposition
Content-Type: application/json
Content-Length: 145
Server: Jetty(9.4.53.v20231009)

{
    "id": 10,
    "username": "John wick",
    "firstName": "John",
    "lastName": "James",
    "email": "john@email.com",
    "password": "12345",
    "phone": "12345",
    "userStatus": 1
}
]]></system-out>
  </testcase>
  <testcase name="deleteUser_withValidData_shouldBeDeletedSuccessfully" classname="com.n26.UserTests" time="0.042">
    <system-out><![CDATA[flushing report
Request method:	DELETE
Request URI:	http://localhost:8080/api/v3/user/John%20wick
Proxy:			<none>
Request params:	<none>
Query params:	<none>
Form params:	<none>
Path params:	<none>
Headers:		Accept=*/*
				Content-Type=application/json
Cookies:		<none>
Multiparts:		<none>
Body:			<none>
HTTP/1.1 200 OK
Date: Mon, 07 Apr 2025 23:27:05 GMT
Access-Control-Allow-Origin: *
Access-Control-Allow-Methods: GET, POST, DELETE, PUT
Access-Control-Allow-Headers: Content-Type, api_key, Authorization
Access-Control-Expose-Headers: Content-Disposition
Content-Length: 0
Server: Jetty(9.4.53.v20231009)
Request method:	GET
Request URI:	http://localhost:8080/api/v3/user/John%20wick
Proxy:			<none>
Request params:	<none>
Query params:	<none>
Form params:	<none>
Path params:	<none>
Headers:		Accept=*/*
				Content-Type=application/json
Cookies:		<none>
Multiparts:		<none>
Body:			<none>
HTTP/1.1 404 Not Found
Date: Mon, 07 Apr 2025 23:27:05 GMT
Access-Control-Allow-Origin: *
Access-Control-Allow-Methods: GET, POST, DELETE, PUT
Access-Control-Allow-Headers: Content-Type, api_key, Authorization
Access-Control-Expose-Headers: Content-Disposition
Content-Type: application/xml
Content-Length: 14
Server: Jetty(9.4.53.v20231009)

User not found
]]></system-out>
    <system-err><![CDATA[[Fatal Error] :1:1: Content is not allowed in prolog.
]]></system-err>
  </testcase>
  <testcase name="getUser_withInvalidData_errorInresponse" classname="com.n26.FailedUserTest" time="0.012">
    <failure message="Actual value is 404 But Expected Value is : 200" type="java.lang.AssertionError"><![CDATA[java.lang.AssertionError: Actual value is 404 But Expected Value is : 200
	at org.testng.Assert.fail(Assert.java:110)
	at com.n26.ApiActionsManager.RestAssuredActions.validateStatusCode(RestAssuredActions.java:143)
	at com.n26.FailedUserTest.getUser_withInvalidData_errorInresponse(FailedUserTest.java:28)
	at java.base/jdk.internal.reflect.DirectMethodHandleAccessor.invoke(DirectMethodHandleAccessor.java:103)
	at java.base/java.lang.reflect.Method.invoke(Method.java:580)
	at org.testng.internal.invokers.MethodInvocationHelper.invokeMethod(MethodInvocationHelper.java:135)
	at org.testng.internal.invokers.TestInvoker.invokeMethod(TestInvoker.java:673)
	at org.testng.internal.invokers.TestInvoker.invokeTestMethod(TestInvoker.java:220)
	at org.testng.internal.invokers.MethodRunner.runInSequence(MethodRunner.java:50)
	at org.testng.internal.invokers.TestInvoker$MethodInvocationAgent.invoke(TestInvoker.java:945)
	at org.testng.internal.invokers.TestInvoker.invokeTestMethods(TestInvoker.java:193)
	at org.testng.internal.invokers.TestMethodWorker.invokeTestMethods(TestMethodWorker.java:146)
	at org.testng.internal.invokers.TestMethodWorker.run(TestMethodWorker.java:128)
	at java.base/java.util.ArrayList.forEach(ArrayList.java:1597)
	at org.testng.TestRunner.privateRun(TestRunner.java:808)
	at org.testng.TestRunner.run(TestRunner.java:603)
	at org.testng.SuiteRunner.runTest(SuiteRunner.java:429)
	at org.testng.SuiteRunner.runSequentially(SuiteRunner.java:423)
	at org.testng.SuiteRunner.privateRun(SuiteRunner.java:383)
	at org.testng.SuiteRunner.run(SuiteRunner.java:326)
	at org.testng.SuiteRunnerWorker.runSuite(SuiteRunnerWorker.java:52)
	at org.testng.SuiteRunnerWorker.run(SuiteRunnerWorker.java:95)
	at org.testng.TestNG.runSuitesSequentially(TestNG.java:1249)
	at org.testng.TestNG.runSuitesLocally(TestNG.java:1169)
	at org.testng.TestNG.runSuites(TestNG.java:1092)
	at org.testng.TestNG.run(TestNG.java:1060)
	at org.apache.maven.surefire.testng.TestNGExecutor.run(TestNGExecutor.java:155)
	at org.apache.maven.surefire.testng.TestNGDirectoryTestSuite.executeMulti(TestNGDirectoryTestSuite.java:169)
	at org.apache.maven.surefire.testng.TestNGDirectoryTestSuite.execute(TestNGDirectoryTestSuite.java:88)
	at org.apache.maven.surefire.testng.TestNGProvider.invoke(TestNGProvider.java:137)
	at org.apache.maven.surefire.booter.ForkedBooter.runSuitesInProcess(ForkedBooter.java:385)
	at org.apache.maven.surefire.booter.ForkedBooter.execute(ForkedBooter.java:162)
	at org.apache.maven.surefire.booter.ForkedBooter.run(ForkedBooter.java:507)
	at org.apache.maven.surefire.booter.ForkedBooter.main(ForkedBooter.java:495)
]]></failure>
    <system-out><![CDATA[flushing report
Request method:	GET
Request URI:	http://localhost:8080/api/v3/user/jatindandona
Proxy:			<none>
Request params:	<none>
Query params:	<none>
Form params:	<none>
Path params:	<none>
Headers:		Accept=*/*
				Content-Type=application/json
Cookies:		<none>
Multiparts:		<none>
Body:			<none>
HTTP/1.1 404 Not Found
Date: Mon, 07 Apr 2025 23:27:05 GMT
Access-Control-Allow-Origin: *
Access-Control-Allow-Methods: GET, POST, DELETE, PUT
Access-Control-Allow-Headers: Content-Type, api_key, Authorization
Access-Control-Expose-Headers: Content-Disposition
Content-Type: application/xml
Content-Length: 14
Server: Jetty(9.4.53.v20231009)

User not found
]]></system-out>
    <system-err><![CDATA[[Fatal Error] :1:1: Content is not allowed in prolog.
]]></system-err>
  </testcase>
</testsuite>