<?xml version="1.0" encoding="UTF-8"?>
<!-- Generated by org.testng.reporters.JUnitReportReporter -->
<testsuite hostname="L5Q15WJWVC" failures="0" tests="4" name="com.n26.UserTests" time="0.815" errors="0" timestamp="2025-04-08T01:27:05 CEST" skipped="0">
  <testcase classname="com.n26.UserTests" name="createUser_withValidData_shouldCreatedSuccessfully" time="0.713"/>
  <system-out/>
  <testcase classname="com.n26.UserTests" name="getUserDetail_ByValidUsername" time="0.037"/>
  <system-out/>
  <testcase classname="com.n26.UserTests" name="updateUserDetail_withValidData_shouldBeUpdatedSuccessfully" time="0.017"/>
  <system-out/>
  <testcase classname="com.n26.UserTests" name="deleteUser_withValidData_shouldBeDeletedSuccessfully" time="0.048"/>
  <system-out/>
</testsuite> <!-- com.n26.UserTests -->
